build/app/outputs/mapping/release/seeds.txt
com.myapp.sizzco.sizzco.MainActivity
com.myapp.sizzco.sizzco.MainActivity: MainActivity()
...
io.flutter.view.AccessibilityViewEmbedder: android.util.SparseArray flutterIdToOrigin
io.flutter.embedding.engine.renderer.SurfaceTextureWrapper: java.lang.Runnable onFrameConsumed
androidx.window.embedding.SplitInfo: androidx.window.embedding.ActivityStack primaryActivityStack
androidx.window.layout.SidecarWindowBackend: androidx.window.layout.SidecarWindowBackend globalInstance
kotlinx.coroutines.scheduling.WorkQueue: int consumerIndex
androidx.window.core.Version: androidx.window.core.Version VERSION_1_0
androidx.window.embedding.SplitPairRule: boolean clearTop
androidx.window.R$attr: int clearTop
androidx.window.embedding.EmbeddingTranslatingCallback: androidx.window.embedding.EmbeddingInterfaceCompat$EmbeddingCallbackInterface callback
androidx.window.R$id: int ltr
io.flutter.embedding.engine.renderer.SurfaceTextureWrapper: boolean attached
io.flutter.plugin.editing.ImeSyncDeferringInsetsCallback: io.flutter.plugin.editing.ImeSyncDeferringInsetsCallback$ImeVisibleListener imeVisibleListener
kotlinx.coroutines.scheduling.WorkQueue: int blockingTasksInBuffer
kotlin.jvm.internal.CallableReference: java.lang.String name
androidx.window.R$styleable: int SplitPairFilter_secondaryActivityAction
androidx.window.layout.WindowInfoTrackerImpl: androidx.window.layout.WindowMetricsCalculator windowMetricsCalculator
androidx.window.embedding.ExtensionEmbeddingBackend$SplitListenerWrapper: java.util.concurrent.Executor executor
androidx.window.R$styleable: int SplitPlaceholderRule_splitRatio
io.flutter.embedding.engine.FlutterJNI: boolean initCalled
androidx.window.embedding.ActivityRule: boolean alwaysExpand
androidx.window.layout.FoldingFeature$Orientation: java.lang.String description
androidx.window.embedding.ExtensionEmbeddingBackend$SplitListenerWrapper: java.util.List lastValue
androidx.window.layout.SidecarCompat$DistinctElementCallback: java.util.WeakHashMap activityWindowLayoutInfo
androidx.window.layout.ActivityCompatHelperApi24: androidx.window.layout.ActivityCompatHelperApi24 INSTANCE
io.flutter.plugin.platform.SingleViewPresentation: boolean startFocused
io.flutter.embedding.engine.FlutterJNI: io.flutter.plugin.localization.LocalizationPlugin localizationPlugin
androidx.window.embedding.SplitRule: int minWidth
kotlinx.coroutines.EventLoopImplBase: java.lang.Object _queue
kotlin.jvm.internal.CallableReference: boolean isTopLevel
androidx.window.layout.FoldingFeature$State: androidx.window.layout.FoldingFeature$State$Companion Companion
kotlinx.coroutines.internal.LockFreeTaskQueueCore: long _state
kotlinx.coroutines.scheduling.CoroutineScheduler$Worker: int indexInArray
io.flutter.view.FlutterCallbackInformation: java.lang.String callbackLibraryPath
androidx.window.embedding.SplitController: androidx.window.embedding.SplitController globalInstance
io.flutter.plugin.editing.ImeSyncDeferringInsetsCallback: int deferredInsetTypes
androidx.window.layout.SidecarWindowBackend: java.util.concurrent.locks.ReentrantLock globalLock
androidx.window.layout.WindowInfoTrackerImpl$windowLayoutInfo$1: androidx.window.layout.WindowInfoTrackerImpl this$0
androidx.window.layout.SidecarWindowBackend$ExtensionListenerImpl: androidx.window.layout.SidecarWindowBackend this$0
kotlinx.coroutines.internal.LockFreeLinkedListNode: java.lang.Object _prev
kotlinx.coroutines.internal.DispatchedContinuation: java.lang.Object _reusableCancellableContinuation
kotlinx.coroutines.scheduling.CoroutineScheduler$Worker: java.lang.Object nextParkedWorker
io.flutter.view.AccessibilityViewEmbedder: android.view.View rootAccessibilityView
kotlinx.coroutines.JobSupport: java.lang.Object _state
androidx.window.embedding.ActivityFilter: android.content.ComponentName componentName
kotlinx.coroutines.JobSupport$Finishing: java.lang.Object _rootCause
androidx.window.R$styleable: int[] ActivityFilter
androidx.window.embedding.ExtensionEmbeddingBackend: androidx.window.embedding.ExtensionEmbeddingBackend$Companion Companion