build/app/outputs/mapping/release/mapping.txt
# compiler: R8
# compiler_version: 3.3.70
# min_api: 19
# common_typos_disable
# {"id":"com.android.tools.r8.mapping","version":"2.0"}
# pg_map_id: f8580c1
# pg_map_hash: SHA-256 f8580c171d834147065e9e571906917f92d681402ccded8c5081564f0260d645
...
kotlin.jvm.internal.FunctionReference -> kotlin.jvm.internal.g:
kotlin.jvm.internal.FunctionReferenceImpl -> kotlin.jvm.internal.h:
kotlin.jvm.internal.Intrinsics -> kotlin.jvm.internal.i:
    boolean areEqual(java.lang.Object,java.lang.Object) -> a
    void checkNotNull(java.lang.Object) -> b
    void checkNotNull(java.lang.Object,java.lang.String) -> c
    void checkNotNullExpressionValue(java.lang.Object,java.lang.String) -> d
    void checkNotNullParameter(java.lang.Object,java.lang.String) -> e
    int compare(int,int) -> f
    java.lang.String createParameterIsNullExceptionMessage(java.lang.String) -> g
    java.lang.Throwable sanitizeStackTrace(java.lang.Throwable) -> h
    java.lang.Throwable sanitizeStackTrace(java.lang.Throwable,java.lang.String) -> i
    java.lang.String stringPlus(java.lang.String,java.lang.Object) -> j
    void throwJavaNpe() -> k
    void throwJavaNpe(java.lang.String) -> l
    void throwParameterIsNullNPE(java.lang.String) -> m
    void throwUninitializedProperty(java.lang.String) -> n
    void throwUninitializedPropertyAccessException(java.lang.String) -> o
kotlin.jvm.internal.Lambda -> kotlin.jvm.internal.j:
kotlin.jvm.internal.PackageReference -> kotlin.jvm.internal.k:
    java.lang.Class jClass -> d
    java.lang.String moduleName -> e
    java.lang.Class getJClass() -> b
kotlin.jvm.internal.Reflection -> kotlin.jvm.internal.l:
    kotlin.reflect.KClass[] EMPTY_K_CLASS_ARRAY -> b
    kotlin.jvm.internal.ReflectionFactory factory -> a
    kotlin.reflect.KFunction function(kotlin.jvm.internal.FunctionReference) -> a
    kotlin.reflect.KClass getOrCreateKotlinClass(java.lang.Class) -> b
    kotlin.reflect.KDeclarationContainer getOrCreateKotlinPackage(java.lang.Class) -> c
    java.lang.String renderLambdaToString(kotlin.jvm.internal.FunctionBase) -> d
    java.lang.String renderLambdaToString(kotlin.jvm.internal.Lambda) -> e
kotlin.jvm.internal.ReflectionFactory -> kotlin.jvm.internal.m:
    kotlin.reflect.KFunction function(kotlin.jvm.internal.FunctionReference) -> a
    kotlin.reflect.KClass getOrCreateKotlinClass(java.lang.Class) -> b
    kotlin.reflect.KDeclarationContainer getOrCreateKotlinPackage(java.lang.Class,java.lang.String) -> c
    java.lang.String renderLambdaToString(kotlin.jvm.internal.FunctionBase) -> d
    java.lang.String renderLambdaToString(kotlin.jvm.internal.Lambda) -> e
kotlin.jvm.internal.TypeIntrinsics -> kotlin.jvm.internal.n:
    java.lang.Object beforeCheckcastToFunctionOfArity(java.lang.Object,int) -> a
    int getFunctionArity(java.lang.Object) -> b
    boolean isFunctionOfArity(java.lang.Object,int) -> c
    java.lang.Throwable sanitizeStackTrace(java.lang.Throwable) -> d
    java.lang.ClassCastException throwCce(java.lang.ClassCastException) -> e
    void throwCce(java.lang.Object,java.lang.String) -> f
    void throwCce(java.lang.String) -> g
kotlin.random.AbstractPlatformRandom -> r0.a:
    int nextInt() -> b
    java.util.Random getImpl() -> c
kotlin.random.FallbackThreadLocalRandom -> r0.b:
    kotlin.random.FallbackThreadLocalRandom$implStorage$1 implStorage -> f
    java.util.Random getImpl() -> c
kotlin.random.FallbackThreadLocalRandom$implStorage$1 -> r0.b$a:
    java.util.Random initialValue() -> a
kotlin.random.Random -> r0.c:
    kotlin.random.Random$Default Default -> d
    kotlin.random.Random defaultRandom -> e
    kotlin.random.Random access$getDefaultRandom$cp() -> a
    int nextInt() -> b
kotlin.random.Random$Default -> r0.c$a:
    int nextInt() -> b
kotlin.random.jdk8.PlatformThreadLocalRandom -> s0.a:
    java.util.Random getImpl() -> c
kotlin.ranges.IntProgression -> t0.a:
    kotlin.ranges.IntProgression$Companion Companion -> g
    int step -> f
    int first -> d
    int last -> e
    int getFirst() -> a
    int getLast() -> b
    int getStep() -> c
    kotlin.collections.IntIterator iterator() -> d
kotlin.ranges.IntProgression$Companion -> t0.a$a:
    kotlin.ranges.IntProgression fromClosedRange(int,int,int) -> a