build/app/outputs/mapping/release/usage.txt
com.myapp.sizzco.sizzco.BuildConfig
com.myapp.sizzco.sizzco.R$attr
com.myapp.sizzco.sizzco.R$color
com.myapp.sizzco.sizzco.R$dimen
com.myapp.sizzco.sizzco.R$drawable
com.myapp.sizzco.sizzco.R$id
com.myapp.sizzco.sizzco.R$integer
com.myapp.sizzco.sizzco.R$layout
com.myapp.sizzco.sizzco.R$mipmap
com.myapp.sizzco.sizzco.R$string
com.myapp.sizzco.sizzco.R$style
com.myapp.sizzco.sizzco.R$styleable
com.myapp.sizzco.sizzco.R
com.myapplication.sizzco.MainActivity
...
androidx.core.content.ContextCompat$Api19Impl
androidx.core.content.ContextCompat$Api21Impl:
    private void <init>()
androidx.core.content.ContextCompat$Api23Impl
androidx.core.content.ContextCompat$Api24Impl
androidx.core.content.ContextCompat$Api26Impl
androidx.core.content.ContextCompat$Api28Impl:
    private void <init>()
androidx.core.content.ContextCompat$Api30Impl
androidx.core.content.ContextCompat$LegacyServiceMapHolder
androidx.core.content.ContextCompat:
    private static final java.lang.String TAG
    protected void <init>()
    public static int checkSelfPermission(android.content.Context,java.lang.String)
    public static android.content.Context createDeviceProtectedStorageContext(android.content.Context)
    private static java.io.File createFilesDir(java.io.File)
    public static java.lang.String getAttributionTag(android.content.Context)
    public static java.io.File getCodeCacheDir(android.content.Context)
    public static int getColor(android.content.Context,int)
    public static android.content.res.ColorStateList getColorStateList(android.content.Context,int)
    public static java.io.File getDataDir(android.content.Context)
    public static java.io.File[] getExternalCacheDirs(android.content.Context)
    public static java.io.File[] getExternalFilesDirs(android.content.Context,java.lang.String)
    public static java.io.File getNoBackupFilesDir(android.content.Context)
    public static java.io.File[] getObbDirs(android.content.Context)
    public static java.lang.Object getSystemService(android.content.Context,java.lang.Class)
    public static java.lang.String getSystemServiceName(android.content.Context,java.lang.Class)
    public static boolean isDeviceProtectedStorage(android.content.Context)
    public static boolean startActivities(android.content.Context,android.content.Intent[])
androidx.core.content.FileProvider$PathStrategy
androidx.core.content.FileProvider$SimplePathStrategy
androidx.core.content.FileProvider
androidx.core.content.IntentCompat
androidx.core.content.LocusIdCompat$Api29Impl
androidx.core.content.LocusIdCompat
androidx.core.content.MimeTypeFilter
androidx.core.content.PermissionChecker$PermissionResult
androidx.core.content.PermissionChecker
androidx.core.content.SharedPreferencesCompat$EditorCompat$Helper
androidx.core.content.SharedPreferencesCompat$EditorCompat
androidx.core.content.SharedPreferencesCompat
androidx.core.content.pm.ActivityInfoCompat
androidx.core.content.pm.PackageInfoCompat$Api28Impl
androidx.core.content.pm.PackageInfoCompat
androidx.core.content.pm.PermissionInfoCompat$Protection
androidx.core.content.pm.PermissionInfoCompat$ProtectionFlags
androidx.core.content.pm.PermissionInfoCompat
androidx.core.content.pm.ShortcutInfoChangeListener
androidx.core.content.pm.ShortcutInfoCompat$Builder
androidx.core.content.pm.ShortcutInfoCompat
androidx.core.content.pm.ShortcutInfoCompatSaver$NoopImpl
androidx.core.content.pm.ShortcutInfoCompatSaver
androidx.core.content.pm.ShortcutManagerCompat$1
androidx.core.content.pm.ShortcutManagerCompat$Api25Impl
androidx.core.content.pm.ShortcutManagerCompat$ShortcutMatchFlags
androidx.core.content.pm.ShortcutManagerCompat
androidx.core.content.res.ColorStateListInflaterCompat
androidx.core.content.res.ComplexColorCompat
androidx.core.content.res.ConfigurationHelper
androidx.core.content.res.FontResourcesParserCompat$FamilyResourceEntry
androidx.core.content.res.FontResourcesParserCompat$FetchStrategy
androidx.core.content.res.FontResourcesParserCompat$FontFamilyFilesResourceEntry
androidx.core.content.res.FontResourcesParserCompat$FontFileResourceEntry
androidx.core.content.res.FontResourcesParserCompat$ProviderResourceEntry
androidx.core.content.res.FontResourcesParserCompat
androidx.core.content.res.GradientColorInflaterCompat$ColorStops
androidx.core.content.res.GradientColorInflaterCompat
androidx.core.content.res.GrowingArrayUtils
androidx.core.content.res.ResourcesCompat$ColorStateListCacheEntry